Flutter crash report.
Please report a bug at https://github.com/flutter/flutter/issues.

## command

flutter --no-color run --machine --track-widget-creation --device-id=1873ac85 --start-paused --dart-define=flutter.inspector.structuredErrors=true lib\Main.dart

## exception

FileSystemException: FileSystemException: Deletion failed, path = 'F:\route_training\islami_app\.ios\Runner\Assets.xcassets\AppIcon.appiconset\Icon-App-83.5x83.5@2x.png' (OS Error: The system cannot find the file specified.
, errno = 2)

```
#0      _Directory._deleteSync (dart:io/directory_impl.dart:201:7)
#1      FileSystemEntity.deleteSync (dart:io/file_system_entity.dart:408:7)
#2      _File._deleteSync (dart:io/file_impl.dart:295:50)
#3      FileSystemEntity.deleteSync (dart:io/file_system_entity.dart:408:7)
#4      ForwardingFileSystemEntity.deleteSync (package:file/src/forwarding/forwarding_file_system_entity.dart:70:16)
#5      ForwardingFileSystemEntity.deleteSync (package:file/src/forwarding/forwarding_file_system_entity.dart:70:16)
#6      Template.render.<anonymous closure> (package:flutter_tools/src/template.dart:216:32)
#7      _LinkedHashMapMixin.forEach (dart:collection-patch/compact_hash.dart:397:8)
#8      Template.render (package:flutter_tools/src/template.dart:199:24)
#9      IosProject._overwriteFromTemplate (package:flutter_tools/src/project.dart:787:14)
<asynchronous suspension>
#10     IosProject._regenerateFromTemplateIfNeeded (package:flutter_tools/src/project.dart:695:7)
<asynchronous suspension>
#11     IosProject.ensureReadyForPlatformSpecificTooling (package:flutter_tools/src/project.dart:639:5)
<asynchronous suspension>
#12     FlutterProject.ensureReadyForPlatformSpecificTooling (package:flutter_tools/src/project.dart:305:7)
<asynchronous suspension>
#13     FlutterCommand.verifyThenRunCommand (package:flutter_tools/src/runner/flutter_command.dart:1175:7)
<asynchronous suspension>
#14     FlutterCommand.run.<anonymous closure> (package:flutter_tools/src/runner/flutter_command.dart:1043:27)
<asynchronous suspension>
#15     AppContext.run.<anonymous closure> (package:flutter_tools/src/base/context.dart:150:19)
<asynchronous suspension>
#16     CommandRunner.runCommand (package:args/command_runner.dart:196:13)
<asynchronous suspension>
#17     FlutterCommandRunner.runCommand.<anonymous closure> (package:flutter_tools/src/runner/flutter_command_runner.dart:284:9)
<asynchronous suspension>
#18     AppContext.run.<anonymous closure> (package:flutter_tools/src/base/context.dart:150:19)
<asynchronous suspension>
#19     FlutterCommandRunner.runCommand (package:flutter_tools/src/runner/flutter_command_runner.dart:232:5)
<asynchronous suspension>
#20     run.<anonymous closure>.<anonymous closure> (package:flutter_tools/runner.dart:62:9)
<asynchronous suspension>
#21     AppContext.run.<anonymous closure> (package:flutter_tools/src/base/context.dart:150:19)
<asynchronous suspension>
#22     main (package:flutter_tools/executable.dart:91:3)
<asynchronous suspension>
```

## flutter doctor

```
[✓] Flutter (Channel stable, 2.2.3, on Microsoft Windows [Version 10.0.19043.1165], locale en-US)
    • Flutter version 2.2.3 at C:\src\flutter
    • Framework revision f4abaa0735 (7 weeks ago), 2021-07-01 12:46:11 -0700
    • Engine revision 241c87ad80
    • Dart version 2.13.4

[!] Android toolchain - develop for Android devices (Android SDK version 30.0.3)
    • Android SDK at C:\Users\mohammed\AppData\Local\Android\sdk
    • Platform android-30, build-tools 30.0.3
    • Java binary at: C:\Program Files\Android\Android Studio\jre\bin\java
    • Java version OpenJDK Runtime Environment (build 11.0.8+10-b944.6842174)
    ✗ Android license status unknown.
      Run `flutter doctor --android-licenses` to accept the SDK licenses.
      See https://flutter.dev/docs/get-started/install/windows#android-setup for more details.

[✓] Chrome - develop for the web
    • Chrome at C:\Program Files (x86)\Google\Chrome\Application\chrome.exe

[✓] Android Studio (version 4.1.0)
    • Android Studio at C:\Program Files\Android\Android Studio
    • Flutter plugin can be installed from:
      🔨 https://plugins.jetbrains.com/plugin/9212-flutter
    • Dart plugin can be installed from:
      🔨 https://plugins.jetbrains.com/plugin/6351-dart
    • Java version OpenJDK Runtime Environment (build 11.0.8+10-b944.6842174)

[✓] IntelliJ IDEA Ultimate Edition (version 2020.2)
    • IntelliJ at C:\Program Files\JetBrains\IntelliJ IDEA 2020.2.3
    • Flutter plugin can be installed from:
      🔨 https://plugins.jetbrains.com/plugin/9212-flutter
    • Dart plugin can be installed from:
      🔨 https://plugins.jetbrains.com/plugin/6351-dart

[✓] VS Code, 64-bit edition (version 1.52.1)
    • VS Code at C:\Program Files\Microsoft VS Code
    • Flutter extension can be installed from:
      🔨 https://marketplace.visualstudio.com/items?itemName=Dart-Code.flutter

[✓] Connected device (3 available)
    • Redmi Note 5 (mobile) • 1873ac85 • android-arm64  • Android 9 (API 28)
    • Chrome (web)          • chrome   • web-javascript • Google Chrome 92.0.4515.159
    • Edge (web)            • edge     • web-javascript • Microsoft Edge 92.0.902.67

! Doctor found issues in 1 category.
```
